C51 COMPILER V9.60.7.0   DELAY                                                             12/03/2023 11:06:47 PAGE 1   


C51 COMPILER V9.60.7.0, COMPILATION OF MODULE DELAY
OBJECT MODULE PLACED IN .\Objects\DELAY.obj
COMPILER INVOKED BY: C:\Keil_v5\C51\BIN\C51.EXE LIB\DELAY.c OPTIMIZE(8,SPEED) BROWSE DEBUG OBJECTEXTEND PRINT(.\Listings
                    -\DELAY.lst) TABS(2) OBJECT(.\Objects\DELAY.obj)

line level    source

   1          #include "LIB/STD_TYPES.h"
   2          #include "LIB/DELAY_INT.h"
   3          void Delay_ms(u32 msec)
   4          {
   5   1        int i,j;
   6   1        for(i=0; i<msec; i++){
   7   2          for(j=0; j<260;j++){}
   8   2        }
   9   1      }/*end of LDelay_voidDelay_ms()*/


MODULE INFORMATION:   STATIC OVERLAYABLE
   CODE SIZE        =     53    ----
   CONSTANT SIZE    =   ----    ----
   XDATA SIZE       =   ----    ----
   PDATA SIZE       =   ----    ----
   DATA SIZE        =   ----       4
   IDATA SIZE       =   ----    ----
   BIT SIZE         =   ----    ----
END OF MODULE INFORMATION.


C51 COMPILATION COMPLETE.  0 WARNING(S),  0 ERROR(S)
