C51 COMPILER V9.60.7.0   MAIN                                                              12/03/2023 11:06:47 PAGE 1   


C51 COMPILER V9.60.7.0, COMPILATION OF MODULE MAIN
OBJECT MODULE PLACED IN .\Objects\main.obj
COMPILER INVOKED BY: C:\Keil_v5\C51\BIN\C51.EXE main.c OPTIMIZE(8,SPEED) BROWSE DEBUG OBJECTEXTEND PRINT(.\Listings\main
                    -.lst) TABS(2) OBJECT(.\Objects\main.obj)

line level    source

   1          #include "LIB/BIT_MATH.h"
   2          #include "LIB/STD_TYPES.h"
   3          #include "MCAL/DIO_INT.h"
   4          #include "MCAL/DIO_REG.h"
   5          #include "HAL/SEG_INT.h"
   6          #include "MCAL/interrupt.h"
   7          
   8          typedef enum {RED, RED_AND_AMBER, GREEN, AMBER} Light_State;
   9          Light_State Current_State;
  10          void initizalition();
  11            
  12          int main(void){
  13   1        
  14   1        initizalition();
  15   1        while(1){
  16   2          
  17   2        }
  18   1      return 0;
  19   1      }
  20          
  21          void initizalition(){
  22   1        DIO_SetPinDirection(PORT2,PIN0,OUTPUT);
  23   1        DIO_SetPinDirection(PORT2,PIN1,OUTPUT);
  24   1        DIO_SetPinDirection(PORT2,PIN2,INPUT);
  25   1        DIO_SetPinDirection(PORT3,PIN3,INPUT);    //INTR PIN
  26   1        interrupt_init();
  27   1        Current_State = GREEN;
  28   1      }
  29          
  30          void external0_isr() interrupt 0 { 
  31   1        
  32   1        Current_State = (Current_State +1) % 4;
  33   1        switch(Current_State){
  34   2          case RED:
  35   2          {
  36   3            DIO_SetPinDirection(PORT2,PIN0,INPUT);
  37   3            DIO_SetPinDirection(PORT2,PIN1,OUTPUT);
  38   3            DIO_SetPinDirection(PORT2,PIN2,OUTPUT);
  39   3          break;
  40   3          }
  41   2          case RED_AND_AMBER:
  42   2          {
  43   3            DIO_SetPinDirection(PORT2,PIN0,INPUT);
  44   3            DIO_SetPinDirection(PORT2,PIN1,INPUT);
  45   3            DIO_SetPinDirection(PORT2,PIN2,OUTPUT);
  46   3          break;
  47   3          }           
  48   2          case GREEN:
  49   2          {
  50   3            DIO_SetPinDirection(PORT2,PIN0,OUTPUT);
  51   3            DIO_SetPinDirection(PORT2,PIN1,OUTPUT);
  52   3            DIO_SetPinDirection(PORT2,PIN2,INPUT);
  53   3          break;
  54   3          }
C51 COMPILER V9.60.7.0   MAIN                                                              12/03/2023 11:06:47 PAGE 2   

  55   2          case AMBER:
  56   2          {
  57   3            DIO_SetPinDirection(PORT2,PIN0,OUTPUT);
  58   3            DIO_SetPinDirection(PORT2,PIN1,INPUT);
  59   3            DIO_SetPinDirection(PORT2,PIN2,OUTPUT);
  60   3          break;
  61   3          }
  62   2          default:{
  63   3            DIO_SetPinDirection(PORT2,PIN0,INPUT);
  64   3            DIO_SetPinDirection(PORT2,PIN1,INPUT);
  65   3            DIO_SetPinDirection(PORT2,PIN2,INPUT);
  66   3            break;
  67   3          }
  68   2           }
  69   1         }
*** WARNING C294 IN LINE 18 OF main.c: unreachable code


MODULE INFORMATION:   STATIC OVERLAYABLE
   CODE SIZE        =    209    ----
   CONSTANT SIZE    =   ----    ----
   XDATA SIZE       =   ----    ----
   PDATA SIZE       =   ----    ----
   DATA SIZE        =      1    ----
   IDATA SIZE       =   ----    ----
   BIT SIZE         =   ----    ----
END OF MODULE INFORMATION.


C51 COMPILATION COMPLETE.  1 WARNING(S),  0 ERROR(S)
